<?xml version="1.0" encoding="UTF-8"?>
<!-- Generated by org.testng.reporters.JUnitReportReporter -->
<testsuite hostname="Kanchan-PC" name="TestCases.LoginTest" tests="1" failures="0" timestamp="31 Jul 2019 15:58:37 GMT" time="88.107" errors="0">
  <testcase name="setUp" time="88.107" classname="TestCases.LoginTest"/>
</testsuite> <!-- TestCases.LoginTest -->
